<?xml version="1.0" encoding="UTF-8"?>
<testng-results skipped="0" failed="1" ignored="0" total="4" passed="3">
  <reporter-output>
  </reporter-output>
  <suite name="Suite" duration-ms="17271" started-at="2021-07-06T17:33:14 IST" finished-at="2021-07-06T17:33:31 IST">
    <groups>
    </groups>
    <test name="TestFour" duration-ms="12979" started-at="2021-07-06T17:33:14 IST" finished-at="2021-07-06T17:33:27 IST">
      <class name="test.FourTest">
        <test-method status="FAIL" signature="testfour()[pri:0, instance:test.FourTest@418e7838]" name="testfour" duration-ms="12116" started-at="2021-07-06T17:33:14 IST" finished-at="2021-07-06T17:33:26 IST">
          <exception class="java.lang.AssertionError">
            <message>
              <![CDATA[expected [true] but found [false]]]>
            </message>
            <full-stacktrace>
              <![CDATA[java.lang.AssertionError: expected [true] but found [false]
at org.testng.Assert.fail(Assert.java:99)
at org.testng.Assert.failNotEquals(Assert.java:1037)
at org.testng.Assert.assertTrue(Assert.java:45)
at org.testng.Assert.assertTrue(Assert.java:55)
at test.FourTest.testfour(FourTest.java:22)
at sun.reflect.NativeMethodAccessorImpl.invoke0(Native Method)
at sun.reflect.NativeMethodAccessorImpl.invoke(NativeMethodAccessorImpl.java:62)
at sun.reflect.DelegatingMethodAccessorImpl.invoke(DelegatingMethodAccessorImpl.java:43)
at java.lang.reflect.Method.invoke(Method.java:498)
at org.testng.internal.MethodInvocationHelper.invokeMethod(MethodInvocationHelper.java:133)
at org.testng.internal.TestInvoker.invokeMethod(TestInvoker.java:598)
at org.testng.internal.TestInvoker.invokeTestMethod(TestInvoker.java:173)
at org.testng.internal.MethodRunner.runInSequence(MethodRunner.java:46)
at org.testng.internal.TestInvoker$MethodInvocationAgent.invoke(TestInvoker.java:824)
at org.testng.internal.TestInvoker.invokeTestMethods(TestInvoker.java:146)
at org.testng.internal.TestMethodWorker.invokeTestMethods(TestMethodWorker.java:146)
at org.testng.internal.TestMethodWorker.run(TestMethodWorker.java:128)
at java.util.ArrayList.forEach(ArrayList.java:1259)
at org.testng.TestRunner.privateRun(TestRunner.java:794)
at org.testng.TestRunner.run(TestRunner.java:596)
at org.testng.SuiteRunner.runTest(SuiteRunner.java:377)
at org.testng.SuiteRunner.access$000(SuiteRunner.java:28)
at org.testng.SuiteRunner$SuiteWorker.run(SuiteRunner.java:418)
at org.testng.internal.thread.ThreadUtil.lambda$execute$0(ThreadUtil.java:64)
at java.util.concurrent.FutureTask.run(FutureTask.java:266)
at java.util.concurrent.ThreadPoolExecutor.runWorker(ThreadPoolExecutor.java:1149)
at java.util.concurrent.ThreadPoolExecutor$Worker.run(ThreadPoolExecutor.java:624)
at java.lang.Thread.run(Thread.java:748)
]]>
            </full-stacktrace>
          </exception> <!-- java.lang.AssertionError -->
          <reporter-output>
          </reporter-output>
        </test-method> <!-- testfour -->
        <test-method status="PASS" signature="closure()[pri:0, instance:test.FourTest@418e7838]" name="closure" is-config="true" duration-ms="306" started-at="2021-07-06T17:33:27 IST" finished-at="2021-07-06T17:33:27 IST">
          <reporter-output>
          </reporter-output>
        </test-method> <!-- closure -->
      </class> <!-- test.FourTest -->
    </test> <!-- TestFour -->
    <test name="TestLogin" duration-ms="13504" started-at="2021-07-06T17:33:14 IST" finished-at="2021-07-06T17:33:28 IST">
      <class name="test.LoginTest">
        <test-method status="PASS" signature="openapplication()[pri:0, instance:test.LoginTest@72057ecf]" name="openapplication" is-config="true" duration-ms="8279" started-at="2021-07-06T17:33:14 IST" finished-at="2021-07-06T17:33:22 IST">
          <reporter-output>
          </reporter-output>
        </test-method> <!-- openapplication -->
        <test-method status="PASS" signature="login(java.lang.String,java.lang.String,java.lang.String)[pri:0, instance:test.LoginTest@72057ecf]" name="login" duration-ms="4457" started-at="2021-07-06T17:33:22 IST" data-provider="getLoginData" finished-at="2021-07-06T17:33:27 IST">
          <params>
            <param index="0">
              <value>
                <![CDATA[sush@gmail.com]]>
              </value>
            </param>
            <param index="1">
              <value>
                <![CDATA[sushmitha]]>
              </value>
            </param>
            <param index="2">
              <value>
                <![CDATA[Success]]>
              </value>
            </param>
          </params>
          <reporter-output>
          </reporter-output>
        </test-method> <!-- login -->
        <test-method status="PASS" signature="closure()[pri:0, instance:test.LoginTest@72057ecf]" name="closure" is-config="true" duration-ms="723" started-at="2021-07-06T17:33:27 IST" finished-at="2021-07-06T17:33:28 IST">
          <reporter-output>
          </reporter-output>
        </test-method> <!-- closure -->
      </class> <!-- test.LoginTest -->
    </test> <!-- TestLogin -->
    <test name="TestTwo" duration-ms="14345" started-at="2021-07-06T17:33:14 IST" finished-at="2021-07-06T17:33:29 IST">
      <class name="test.TwoTest">
        <test-method status="PASS" signature="testtwo()[pri:0, instance:test.TwoTest@5119fb47]" name="testtwo" duration-ms="14302" started-at="2021-07-06T17:33:14 IST" finished-at="2021-07-06T17:33:29 IST">
          <reporter-output>
          </reporter-output>
        </test-method> <!-- testtwo -->
      </class> <!-- test.TwoTest -->
    </test> <!-- TestTwo -->
    <test name="TestThree" duration-ms="17271" started-at="2021-07-06T17:33:14 IST" finished-at="2021-07-06T17:33:31 IST">
      <class name="test.ThreeTest">
        <test-method status="PASS" signature="testthree()[pri:0, instance:test.ThreeTest@479d31f3]" name="testthree" duration-ms="17224" started-at="2021-07-06T17:33:14 IST" finished-at="2021-07-06T17:33:31 IST">
          <reporter-output>
          </reporter-output>
        </test-method> <!-- testthree -->
      </class> <!-- test.ThreeTest -->
    </test> <!-- TestThree -->
  </suite> <!-- Suite -->
</testng-results>
